  Application.cpp
c:\users\s181203\documents\computergraphics\opengl application\opengl application\application.cpp(3): fatal error C1083: Cannot open include file: 'GLFW/glfw3.h': No such file or directory
  ApplicationTest.cpp
c:\users\s181203\documents\computergraphics\opengl application\opengl application\applicationtest.h(3): fatal error C1083: Cannot open include file: 'glm/vec3.hpp': No such file or directory
  Camera.cpp
c:\users\s181203\documents\computergraphics\opengl application\opengl application\camera.h(2): fatal error C1083: Cannot open include file: 'glm/ext.hpp': No such file or directory
  FlyCam.cpp
c:\users\s181203\documents\computergraphics\opengl application\opengl application\camera.h(2): fatal error C1083: Cannot open include file: 'glm/ext.hpp': No such file or directory
  Gizmos.cpp
c:\users\s181203\documents\computergraphics\opengl application\opengl application\gizmos.h(3): fatal error C1083: Cannot open include file: 'glm/fwd.hpp': No such file or directory
  Input.cpp
c:\users\s181203\documents\computergraphics\opengl application\opengl application\input.cpp(2): fatal error C1083: Cannot open include file: 'GLFW/glfw3.h': No such file or directory
  main.cpp
c:\users\s181203\documents\computergraphics\opengl application\opengl application\main.cpp(2): fatal error C1083: Cannot open include file: 'GLFW/glfw3.h': No such file or directory
  Mesh.cpp
c:\users\s181203\documents\computergraphics\opengl application\opengl application\mesh.h(2): fatal error C1083: Cannot open include file: 'glm/ext.hpp': No such file or directory
  OBJMesh.cpp
c:\users\s181203\documents\computergraphics\opengl application\opengl application\objmesh.h(3): fatal error C1083: Cannot open include file: 'glm/vec2.hpp': No such file or directory
  Shader.cpp
c:\users\s181203\documents\computergraphics\opengl application\opengl application\shader.h(3): fatal error C1083: Cannot open include file: 'glm/vec2.hpp': No such file or directory
  Texture.cpp
c:\users\s181203\documents\computergraphics\opengl application\opengl application\texture.cpp(5): fatal error C1083: Cannot open include file: 'stb_image.h': No such file or directory
